<?xml version="1.0" encoding="UTF-8"?>
<testng-results skipped="0" failed="1" total="2" passed="1">
  <reporter-output>
  </reporter-output>
  <suite name="Sample Test Suite" duration-ms="27644" started-at="2017-05-26T07:18:38Z" finished-at="2017-05-26T07:19:06Z">
    <groups>
    </groups>
    <test name="Sample Test" duration-ms="27644" started-at="2017-05-26T07:18:38Z" finished-at="2017-05-26T07:19:06Z">
      <class name="actionpackage.actionclass">
        <test-method status="PASS" signature="enterurl()[pri:0, instance:actionpackage.actionclass@11531931]" name="enterurl" is-config="true" duration-ms="8608" started-at="2017-05-26T12:48:30Z" finished-at="2017-05-26T12:48:38Z">
          <reporter-output>
          </reporter-output>
        </test-method> <!-- enterurl -->
        <test-method status="PASS" signature="loginteam()[pri:0, instance:actionpackage.actionclass@11531931]" name="loginteam" duration-ms="3230" started-at="2017-05-26T12:48:38Z" finished-at="2017-05-26T12:48:42Z">
          <reporter-output>
          </reporter-output>
        </test-method> <!-- loginteam -->
        <test-method status="FAIL" signature="newreq()[pri:0, instance:actionpackage.actionclass@11531931]" name="newreq" duration-ms="24405" started-at="2017-05-26T12:48:42Z" finished-at="2017-05-26T12:49:06Z">
          <exception class="org.openqa.selenium.ElementNotInteractableException">
            <message>
              <![CDATA[
Build info: version: '3.4.0', revision: 'unknown', time: 'unknown'
System info: host: 'EVS01CPB424', ip: '172.16.30.21', os.name: 'Windows 7', os.arch: 'amd64', os.version: '6.1', java.version: '1.8.0_121'
Driver info: org.openqa.selenium.firefox.FirefoxDriver
Capabilities [{moz:profile=C:\Users\CHAMAN~1.PRE\AppData\Local\Temp\rust_mozprofile.i0iW2TAIJs3a, rotatable=false, timeouts={implicit=0.0, pageLoad=300000.0, script=30000.0}, pageLoadStrategy=normal, platform=ANY, specificationLevel=0.0, moz:accessibilityChecks=false, acceptInsecureCerts=false, browserVersion=53.0.3, platformVersion=6.1, moz:processID=10464.0, browserName=firefox, javascriptEnabled=true, platformName=windows_nt}]
Session ID: ac901ba9-e150-47e6-b606-eb381a257e46]]>
            </message>
            <full-stacktrace>
              <![CDATA[org.openqa.selenium.ElementNotInteractableException: 
Build info: version: '3.4.0', revision: 'unknown', time: 'unknown'
System info: host: 'EVS01CPB424', ip: '172.16.30.21', os.name: 'Windows 7', os.arch: 'amd64', os.version: '6.1', java.version: '1.8.0_121'
Driver info: org.openqa.selenium.firefox.FirefoxDriver
Capabilities [{moz:profile=C:\Users\CHAMAN~1.PRE\AppData\Local\Temp\rust_mozprofile.i0iW2TAIJs3a, rotatable=false, timeouts={implicit=0.0, pageLoad=300000.0, script=30000.0}, pageLoadStrategy=normal, platform=ANY, specificationLevel=0.0, moz:accessibilityChecks=false, acceptInsecureCerts=false, browserVersion=53.0.3, platformVersion=6.1, moz:processID=10464.0, browserName=firefox, javascriptEnabled=true, platformName=windows_nt}]
Session ID: ac901ba9-e150-47e6-b606-eb381a257e46
	at sun.reflect.NativeConstructorAccessorImpl.newInstance0(Native Method)
	at sun.reflect.NativeConstructorAccessorImpl.newInstance(Unknown Source)
	at sun.reflect.DelegatingConstructorAccessorImpl.newInstance(Unknown Source)
	at java.lang.reflect.Constructor.newInstance(Unknown Source)
	at org.openqa.selenium.remote.http.W3CHttpResponseCodec.createException(W3CHttpResponseCodec.java:150)
	at org.openqa.selenium.remote.http.W3CHttpResponseCodec.decode(W3CHttpResponseCodec.java:115)
	at org.openqa.selenium.remote.http.W3CHttpResponseCodec.decode(W3CHttpResponseCodec.java:45)
	at org.openqa.selenium.remote.HttpCommandExecutor.execute(HttpCommandExecutor.java:164)
	at org.openqa.selenium.remote.service.DriverCommandExecutor.execute(DriverCommandExecutor.java:82)
	at org.openqa.selenium.remote.RemoteWebDriver.execute(RemoteWebDriver.java:637)
	at org.openqa.selenium.remote.RemoteWebElement.execute(RemoteWebElement.java:272)
	at org.openqa.selenium.remote.RemoteWebElement.click(RemoteWebElement.java:82)
	at rmspackage.New_Request.selectbanker(New_Request.java:165)
	at rmspackage.New_Request.submit_req(New_Request.java:331)
	at rmspackage.New_Request.raise_Req(New_Request.java:411)
	at actionpackage.actionclass.newreq(actionclass.java:94)
	at sun.reflect.NativeMethodAccessorImpl.invoke0(Native Method)
	at sun.reflect.NativeMethodAccessorImpl.invoke(Unknown Source)
	at sun.reflect.DelegatingMethodAccessorImpl.invoke(Unknown Source)
	at java.lang.reflect.Method.invoke(Unknown Source)
	at org.testng.internal.MethodInvocationHelper.invokeMethod(MethodInvocationHelper.java:86)
	at org.testng.internal.Invoker.invokeMethod(Invoker.java:646)
	at org.testng.internal.Invoker.invokeTestMethod(Invoker.java:823)
	at org.testng.internal.Invoker.invokeTestMethods(Invoker.java:1131)
	at org.testng.internal.TestMethodWorker.invokeTestMethods(TestMethodWorker.java:129)
	at org.testng.internal.TestMethodWorker.run(TestMethodWorker.java:112)
	at org.testng.TestRunner.privateRun(TestRunner.java:778)
	at org.testng.TestRunner.run(TestRunner.java:632)
	at org.testng.SuiteRunner.runTest(SuiteRunner.java:366)
	at org.testng.SuiteRunner.runSequentially(SuiteRunner.java:361)
	at org.testng.SuiteRunner.privateRun(SuiteRunner.java:319)
	at org.testng.SuiteRunner.run(SuiteRunner.java:268)
	at org.testng.SuiteRunnerWorker.runSuite(SuiteRunnerWorker.java:52)
	at org.testng.SuiteRunnerWorker.run(SuiteRunnerWorker.java:86)
	at org.testng.TestNG.runSuitesSequentially(TestNG.java:1225)
	at org.testng.TestNG.runSuitesLocally(TestNG.java:1150)
	at org.testng.TestNG.runSuites(TestNG.java:1075)
	at org.testng.TestNG.run(TestNG.java:1047)
	at org.testng.remote.AbstractRemoteTestNG.run(AbstractRemoteTestNG.java:126)
	at org.testng.remote.RemoteTestNG.initAndRun(RemoteTestNG.java:137)
	at org.testng.remote.RemoteTestNG.main(RemoteTestNG.java:58)
]]>
            </full-stacktrace>
          </exception> <!-- org.openqa.selenium.ElementNotInteractableException -->
          <reporter-output>
          </reporter-output>
        </test-method> <!-- newreq -->
        <test-method status="PASS" signature="closetest()[pri:0, instance:actionpackage.actionclass@11531931]" name="closetest" is-config="true" duration-ms="240" started-at="2017-05-26T12:49:06Z" finished-at="2017-05-26T12:49:06Z">
          <reporter-output>
          </reporter-output>
        </test-method> <!-- closetest -->
      </class> <!-- actionpackage.actionclass -->
    </test> <!-- Sample Test -->
  </suite> <!-- Sample Test Suite -->
</testng-results>
