<?xml version="1.0" encoding="UTF-8"?>
<!-- Generated by org.testng.reporters.JUnitXMLReporter -->
<testsuite hostname="evs01cpb424" name="Sample Test2" tests="4" failures="0" timestamp="1 Jul 2016 09:49:57 GMT" time="22.372" errors="0">
  <testcase name="enterurl" time="7.421" classname="actionpackage.actionrequestor"/>
  <testcase name="loginreq" time="8.6" classname="actionpackage.actionrequestor"/>
  <testcase name="logout" time="5.804" classname="actionpackage.actionrequestor"/>
  <testcase name="closetest" time="0.547" classname="actionpackage.actionrequestor"/>
</testsuite> <!-- Sample Test2 -->
